<?xml version="1.0" encoding="UTF-8"?>
<!-- Generated by org.testng.reporters.JUnitReportReporter -->
<testsuite hostname="LAPTOP-R8P071LO" failures="0" tests="1" name="verificationUsingTestNG.AssertNull" time="0.015" errors="0" timestamp="2022-11-16T21:34:25 IST" skipped="0">
  <testcase classname="verificationUsingTestNG.AssertNull" name="assertNullUse" time="0.015"/>
  <system-out/>
</testsuite> <!-- verificationUsingTestNG.AssertNull -->
