<?xml version="1.0" encoding="UTF-8"?>
<!-- Generated by org.testng.reporters.JUnitReportReporter -->
<testsuite hostname="LAPTOP-R8P071LO" failures="0" tests="2" name="testNGAnnotations.AnnotationsStudy" time="0.010" errors="0" timestamp="2022-11-08T21:33:11 IST" skipped="0">
  <testcase classname="testNGAnnotations.AnnotationsStudy" name="GoogleTest" time="0.003"/>
  <system-out>
    <![CDATA[Google meet test is done]]>
  </system-out>
  <testcase classname="testNGAnnotations.AnnotationsStudy" name="RediffMailTest" time="0.007"/>
  <system-out>
    <![CDATA[RediffMail test is done]]>
  </system-out>
</testsuite> <!-- testNGAnnotations.AnnotationsStudy -->
