<?xml version="1.0" encoding="UTF-8"?>
<!-- Generated by org.testng.reporters.JUnitReportReporter -->
<testsuite hostname="LAPTOP-R8P071LO" failures="0" tests="1" name="orangeHRMPOM.OrangeHRMTestNG" time="8.659" errors="0" timestamp="2022-11-26T11:41:10 IST" skipped="0">
  <testcase classname="orangeHRMPOM.OrangeHRMTestNG" name="validateEmployList" time="8.659"/>
  <system-out>
    <![CDATA[clicking on pim
get text on emp list
Test is completed sucessfully ]]>
  </system-out>
</testsuite> <!-- orangeHRMPOM.OrangeHRMTestNG -->
