<?xml version="1.0" encoding="UTF-8"?>
<!-- Generated by org.testng.reporters.JUnitReportReporter -->
<testsuite hostname="LAPTOP-R8P071LO" failures="0" tests="5" name="testNGAnnotations.NewTest" time="0.025" errors="0" timestamp="2022-11-04T13:14:05 IST" skipped="0">
  <testcase classname="testNGAnnotations.NewTest" name="d" time="0.004"/>
  <system-out/>
  <testcase classname="testNGAnnotations.NewTest" name="a" time="0.018"/>
  <system-out/>
  <testcase classname="testNGAnnotations.NewTest" name="b" time="0.001"/>
  <system-out/>
  <testcase classname="testNGAnnotations.NewTest" name="c" time="0.001"/>
  <system-out/>
  <testcase classname="testNGAnnotations.NewTest" name="f" time="0.001"/>
  <system-out/>
</testsuite> <!-- testNGAnnotations.NewTest -->
