<?xml version="1.0" encoding="UTF-8"?>
<!-- Generated by org.testng.reporters.JUnitReportReporter -->
<testsuite hostname="LAPTOP-R8P071LO" failures="0" tests="1" name="verificationUsingTestNG.Mytc" time="15.138" errors="0" timestamp="2022-11-16T21:13:04 IST" skipped="0">
  <testcase classname="verificationUsingTestNG.Mytc" name="verifyCheckBox" time="15.138"/>
  <system-out>
    <![CDATA[CheckBox is not selected TC is FAILED]]>
  </system-out>
</testsuite> <!-- verificationUsingTestNG.Mytc -->
