<?xml version="1.0" encoding="UTF-8"?>
<!-- Generated by org.testng.reporters.JUnitReportReporter -->
<testsuite hostname="LAPTOP-R8P071LO" failures="0" tests="1" name="facebookPOM.FBTestClass" time="6.139" errors="0" timestamp="2022-11-23T21:36:20 IST" skipped="0">
  <testcase classname="facebookPOM.FBTestClass" name="validateSS" time="6.139"/>
  <system-out>
    <![CDATA[reel button enabled TC passed
sponsord button enabled TC passed]]>
  </system-out>
</testsuite> <!-- facebookPOM.FBTestClass -->
