<?xml version="1.0" encoding="UTF-8"?>
<!-- Generated by org.testng.reporters.JUnitReportReporter -->
<testsuite hostname="LAPTOP-R8P071LO" failures="0" tests="1" name="testNGXML.Testing3" time="0.011" errors="0" timestamp="2022-11-16T10:27:15 IST" skipped="0">
  <testcase classname="testNGXML.Testing3" name="G" time="0.011"/>
  <system-out>
    <![CDATA[G TC running]]>
  </system-out>
</testsuite> <!-- testNGXML.Testing3 -->
