<?xml version="1.0" encoding="UTF-8"?>
<!-- Generated by org.testng.reporters.JUnitReportReporter -->
<testsuite hostname="LAPTOP-R8P071LO" failures="0" tests="3" name="testNgKeywords.Enabled" time="0.013" errors="0" timestamp="2022-11-07T10:16:44 IST" skipped="1">
  <testcase classname="testNgKeywords.Enabled" name="g" time="0.012"/>
  <system-out>
    <![CDATA[hi vishwajeet2]]>
  </system-out>
  <testcase classname="testNgKeywords.Enabled" name="h" time="0.001"/>
  <system-out>
    <![CDATA[hi vishwajeet3]]>
  </system-out>
  <testcase classname="testNgKeywords.Enabled" name="f">
    <skipped/>
  </testcase> <!-- f -->
  <system-out/>
</testsuite> <!-- testNgKeywords.Enabled -->
