<?xml version="1.0" encoding="UTF-8"?>
<!-- Generated by org.testng.reporters.JUnitReportReporter -->
<testsuite hostname="LAPTOP-R8P071LO" failures="0" tests="6" name="testNgKeywords.Pirority" time="0.022" errors="0" timestamp="2022-11-04T13:22:13 IST" skipped="0">
  <testcase classname="testNgKeywords.Pirority" name="B" time="0.013"/>
  <system-out/>
  <testcase classname="testNgKeywords.Pirority" name="C" time="0.002"/>
  <system-out/>
  <testcase classname="testNgKeywords.Pirority" name="D" time="0.001"/>
  <system-out/>
  <testcase classname="testNgKeywords.Pirority" name="E" time="0.002"/>
  <system-out/>
  <testcase classname="testNgKeywords.Pirority" name="F" time="0.002"/>
  <system-out/>
  <testcase classname="testNgKeywords.Pirority" name="A" time="0.002"/>
  <system-out/>
</testsuite> <!-- testNgKeywords.Pirority -->
