<?xml version="1.0" encoding="UTF-8"?>
<!-- Generated by org.testng.reporters.JUnitReportReporter -->
<testsuite hostname="LAPTOP-R8P071LO" failures="0" tests="1" name="parallelAndSerialExecution.Testing1" time="4.983" errors="0" timestamp="2022-11-16T21:38:53 IST" skipped="0">
  <testcase classname="parallelAndSerialExecution.Testing1" name="SetPosition" time="4.983"/>
  <system-out/>
</testsuite> <!-- parallelAndSerialExecution.Testing1 -->
