<?xml version="1.0" encoding="UTF-8"?>
<!-- Generated by org.testng.reporters.JUnitReportReporter -->
<testsuite hostname="LAPTOP-R8P071LO" failures="0" tests="1" name="verificationUsingTestNG.AssertFalse" time="0.011" errors="0" timestamp="2022-11-16T21:30:48 IST" skipped="0">
  <testcase classname="verificationUsingTestNG.AssertFalse" name="MyTC" time="0.011"/>
  <system-out/>
</testsuite> <!-- verificationUsingTestNG.AssertFalse -->
