<?xml version="1.0" encoding="UTF-8"?>
<!-- Generated by org.testng.reporters.JUnitReportReporter -->
<testsuite hostname="LAPTOP-R8P071LO" failures="0" tests="1" name="upStoxPOMusingExcel.UpstoxTestNG4" time="10.594" errors="0" timestamp="2022-11-22T21:26:03 IST" skipped="0">
  <testcase classname="upStoxPOMusingExcel.UpstoxTestNG4" name="ValidateUserID" time="10.594"/>
  <system-out/>
</testsuite> <!-- upStoxPOMusingExcel.UpstoxTestNG4 -->
