<?xml version="1.0" encoding="UTF-8"?>
<!-- Generated by org.testng.reporters.JUnitReportReporter -->
<testsuite hostname="LAPTOP-R8P071LO" failures="0" tests="1" name="firefoxProgram.GeckoTest" time="7.440" errors="0" timestamp="2022-11-17T21:25:43 IST" skipped="0">
  <testcase classname="firefoxProgram.GeckoTest" name="f" time="7.440"/>
  <system-out/>
</testsuite> <!-- firefoxProgram.GeckoTest -->
