<?xml version="1.0" encoding="UTF-8"?>
<!-- Generated by org.testng.reporters.JUnitReportReporter -->
<testsuite hostname="LAPTOP-R8P071LO" failures="0" tests="1" name="upStoxPOMusingExcel.UpstoxTestNG3" time="11.424" errors="0" timestamp="2022-11-22T21:36:37 IST" skipped="0">
  <testcase classname="upStoxPOMusingExcel.UpstoxTestNG3" name="ValidateUserID" time="11.424"/>
  <system-out/>
</testsuite> <!-- upStoxPOMusingExcel.UpstoxTestNG3 -->
