<?xml version="1.0" encoding="UTF-8"?>
<!-- Generated by org.testng.reporters.JUnitReportReporter -->
<testsuite hostname="LAPTOP-R8P071LO" failures="0" tests="3" name="TextNG.NewTest1" time="14.128" errors="0" timestamp="2022-11-08T21:33:11 IST" skipped="0">
  <testcase classname="TextNG.NewTest1" name="a" time="7.980"/>
  <system-out/>
  <testcase classname="TextNG.NewTest1" name="c" time="3.397"/>
  <system-out/>
  <testcase classname="TextNG.NewTest1" name="f" time="2.751"/>
  <system-out/>
</testsuite> <!-- TextNG.NewTest1 -->
