<?xml version="1.0" encoding="UTF-8"?>
<!-- Generated by org.testng.reporters.JUnitReportReporter -->
<testsuite hostname="LAPTOP-R8P071LO" failures="0" tests="3" name="testNgKeywords.TimeOut" time="0.020" errors="0" timestamp="2022-11-07T10:19:43 IST" skipped="0">
  <testcase classname="testNgKeywords.TimeOut" name="g" time="0.001"/>
  <system-out/>
  <testcase classname="testNgKeywords.TimeOut" name="f" time="0.018"/>
  <system-out/>
  <testcase classname="testNgKeywords.TimeOut" name="h" time="0.001"/>
  <system-out/>
</testsuite> <!-- testNgKeywords.TimeOut -->
