<?xml version="1.0" encoding="UTF-8"?>
<!-- Generated by org.testng.reporters.JUnitReportReporter -->
<testsuite hostname="LAPTOP-R8P071LO" failures="0" tests="1" name="neostox.NeostoxTestNG" time="43.310" errors="0" timestamp="2022-11-28T16:16:27 IST" skipped="0">
  <testcase classname="neostox.NeostoxTestNG" name="validateuserid" time="43.310"/>
  <system-out>
    <![CDATA[Taking Screenshot Of HOME PAGE
both profilename match TC pass
Fund Validation Done
Test is completed sucessfully ]]>
  </system-out>
</testsuite> <!-- neostox.NeostoxTestNG -->
