<?xml version="1.0" encoding="UTF-8"?>
<!-- Generated by org.testng.reporters.JUnitReportReporter -->
<testsuite hostname="LAPTOP-R8P071LO" failures="0" tests="4" name="testNgKeywords.InvocationCount" time="0.019" errors="0" timestamp="2022-11-04T13:22:01 IST" skipped="0">
  <testcase classname="testNgKeywords.InvocationCount" name="f" time="0.001"/>
  <system-out>
    <![CDATA[hi vishwajeet]]>
  </system-out>
  <testcase classname="testNgKeywords.InvocationCount" name="f" time="0.015"/>
  <system-out>
    <![CDATA[hi vishwajeet]]>
  </system-out>
  <testcase classname="testNgKeywords.InvocationCount" name="f" time="0.001"/>
  <system-out>
    <![CDATA[hi vishwajeet]]>
  </system-out>
  <testcase classname="testNgKeywords.InvocationCount" name="f" time="0.002"/>
  <system-out>
    <![CDATA[hi vishwajeet]]>
  </system-out>
</testsuite> <!-- testNgKeywords.InvocationCount -->
