<?xml version="1.0" encoding="UTF-8"?>
<!-- Generated by org.testng.reporters.JUnitReportReporter -->
<testsuite hostname="LAPTOP-R8P071LO" failures="0" tests="1" name="testNGAnnotations.Annotations1" time="0.003" errors="0" timestamp="2022-11-08T21:33:11 IST" skipped="0">
  <testcase classname="testNGAnnotations.Annotations1" name="validateUserID" time="0.003"/>
  <system-out>
    <![CDATA[User ID validated]]>
  </system-out>
</testsuite> <!-- testNGAnnotations.Annotations1 -->
