<?xml version="1.0" encoding="UTF-8"?>
<!-- Generated by org.testng.reporters.JUnitReportReporter -->
<testsuite hostname="LAPTOP-R8P071LO" failures="0" tests="1" name="upStoxPOMusingExcel.UpstoxTestNG2" time="11.877" errors="0" timestamp="2022-11-22T21:27:50 IST" skipped="0">
  <testcase classname="upStoxPOMusingExcel.UpstoxTestNG2" name="ValidateUserID" time="11.877"/>
  <system-out/>
</testsuite> <!-- upStoxPOMusingExcel.UpstoxTestNG2 -->
