<?xml version="1.0" encoding="UTF-8"?>
<!-- Generated by org.testng.reporters.JUnitReportReporter -->
<testsuite hostname="LAPTOP-R8P071LO" failures="0" tests="3" name="testNgKeywords.DependsOn" time="0.015" errors="0" timestamp="2022-11-07T10:24:18 IST" skipped="0">
  <testcase classname="testNgKeywords.DependsOn" name="f" time="0.002"/>
  <system-out/>
  <testcase classname="testNgKeywords.DependsOn" name="h" time="0.002"/>
  <system-out/>
  <testcase classname="testNgKeywords.DependsOn" name="g" time="0.011"/>
  <system-out/>
</testsuite> <!-- testNgKeywords.DependsOn -->
