<?xml version="1.0" encoding="UTF-8"?>
<!-- Generated by org.testng.reporters.JUnitReportReporter -->
<testsuite hostname="LAPTOP-R8P071LO" failures="0" tests="1" name="parallelAndSerialExecution.Testing2" time="6.961" errors="0" timestamp="2022-11-16T21:38:53 IST" skipped="0">
  <testcase classname="parallelAndSerialExecution.Testing2" name="SetSize" time="6.961"/>
  <system-out/>
</testsuite> <!-- parallelAndSerialExecution.Testing2 -->
