<?xml version="1.0" encoding="UTF-8"?>
<!-- Generated by org.testng.reporters.JUnitReportReporter -->
<testsuite hostname="LAPTOP-R8P071LO" failures="0" tests="1" name="tp.ValidateErrorMassageButton" time="0.481" errors="0" timestamp="2022-11-22T21:39:01 IST" skipped="0">
  <testcase classname="tp.ValidateErrorMassageButton" name="ValidateError" time="0.481"/>
  <system-out>
    <![CDATA[Showing Error Message TC Passed
take ss on error page]]>
  </system-out>
</testsuite> <!-- tp.ValidateErrorMassageButton -->
