<?xml version="1.0" encoding="UTF-8"?>
<!-- Generated by org.testng.reporters.JUnitReportReporter -->
<testsuite hostname="LAPTOP-R8P071LO" failures="0" tests="9" name="testNGXML.Testing1" time="0.057" errors="0" timestamp="2022-11-16T10:09:04 IST" skipped="0">
  <testcase classname="testNGXML.Testing1" name="E" time="0.008"/>
  <system-out>
    <![CDATA[E TC running]]>
  </system-out>
  <testcase classname="testNGXML.Testing1" name="F" time="0.008"/>
  <system-out>
    <![CDATA[F TC running]]>
  </system-out>
  <testcase classname="testNGXML.Testing1" name="I" time="0.002"/>
  <system-out>
    <![CDATA[I TC running]]>
  </system-out>
  <testcase classname="testNGXML.Testing1" name="H" time="0.001"/>
  <system-out>
    <![CDATA[H TC running]]>
  </system-out>
  <testcase classname="testNGXML.Testing1" name="G" time="0.010"/>
  <system-out>
    <![CDATA[G TC running]]>
  </system-out>
  <testcase classname="testNGXML.Testing1" name="B" time="0.015"/>
  <system-out>
    <![CDATA[B TC running]]>
  </system-out>
  <testcase classname="testNGXML.Testing1" name="J" time="0.002"/>
  <system-out>
    <![CDATA[J TC running]]>
  </system-out>
  <testcase classname="testNGXML.Testing1" name="D" time="0.009"/>
  <system-out>
    <![CDATA[D TC running]]>
  </system-out>
  <testcase classname="testNGXML.Testing1" name="C" time="0.002"/>
  <system-out>
    <![CDATA[C TC running]]>
  </system-out>
</testsuite> <!-- testNGXML.Testing1 -->
