<?xml version="1.0" encoding="UTF-8"?>
<!-- Generated by org.testng.reporters.JUnitReportReporter -->
<testsuite hostname="LAPTOP-R8P071LO" failures="0" tests="3" name="testNGXML.Testing2" time="0.007" errors="0" timestamp="2022-11-16T10:27:15 IST" skipped="0">
  <testcase classname="testNGXML.Testing2" name="B" time="0.002"/>
  <system-out>
    <![CDATA[B TC running]]>
  </system-out>
  <testcase classname="testNGXML.Testing2" name="F" time="0.002"/>
  <system-out>
    <![CDATA[F TC running]]>
  </system-out>
  <testcase classname="testNGXML.Testing2" name="E" time="0.003"/>
  <system-out>
    <![CDATA[E TC running]]>
  </system-out>
</testsuite> <!-- testNGXML.Testing2 -->
